<?xml version="1.0" encoding="UTF-8"?>
<!-- Generated by org.testng.reporters.JUnitXMLReporter -->
<testsuite ignored="3" hostname="user-Latitude-3420" failures="0" tests="1" name="Pixel" time="17.528" errors="0" timestamp="2023-10-29T20:21:09 IST">
  <testcase classname="com.qa.tests.LoginTests" name="invalidUserName" time="8.32"/>
  <testcase classname="com.qa.tests.LoginTests" name="validUserName" time="0.0">
    <ignored/>
  </testcase> <!-- validUserName -->
  <testcase classname="com.qa.tests.LoginTests" name="emptyUserName" time="0.0">
    <ignored/>
  </testcase> <!-- emptyUserName -->
  <testcase classname="com.qa.tests.LoginTests" name="lockedUserSoftAssert" time="0.0">
    <ignored/>
  </testcase> <!-- lockedUserSoftAssert -->
</testsuite> <!-- Pixel -->
