<?xml version="1.0" encoding="UTF-8"?>
<!-- Generated by org.testng.reporters.JUnitXMLReporter -->
<testsuite ignored="3" hostname="user-Latitude-3420" failures="0" tests="1" name="Realme" time="18.398" errors="0" timestamp="2023-10-29T20:21:28 IST">
  <testcase classname="com.qa.tests.LoginTests" name="invalidUserName" time="8.904"/>
  <testcase classname="com.qa.tests.LoginTests" name="validUserName" time="0.0">
    <ignored/>
  </testcase> <!-- validUserName -->
  <testcase classname="com.qa.tests.LoginTests" name="lockedUserSoftAssert" time="0.0">
    <ignored/>
  </testcase> <!-- lockedUserSoftAssert -->
  <testcase classname="com.qa.tests.LoginTests" name="emptyUserName" time="0.0">
    <ignored/>
  </testcase> <!-- emptyUserName -->
</testsuite> <!-- Realme -->
