<?xml version="1.0" encoding="UTF-8"?>
<!-- Generated by org.testng.reporters.JUnitXMLReporter -->
<testsuite ignored="3" hostname="user-Latitude-3420" failures="0" tests="1" name="Realme" time="15.483" errors="0" timestamp="2023-11-23T12:35:03 IST">
  <testcase classname="com.qa.BaseTest" name="@BeforeMethod beforeMethod" time="5.218">
    <failure type="org.openqa.selenium.WebDriverException" message="An unknown server-side error occurred while processing the command. Original error: The expected screen record file &amp;apos;/sdcard/9a075805.mp4&amp;apos; does not exist after 5000ms. Is screenrecord utility available and operational on the device under test?
Build info: version: &amp;apos;4.13.0&amp;apos;, revision: &amp;apos;ba948ece5b*&amp;apos;
System info: os.name: &amp;apos;Linux&amp;apos;, os.arch: &amp;apos;amd64&amp;apos;, os.version: &amp;apos;5.15.0-88-generic&amp;apos;, java.version: &amp;apos;15.0.2&amp;apos;
Driver info: io.appium.java_client.android.AndroidDriver
Command: [252da343-693d-4358-8f88-ca2acb1e1872, startRecordingScreen {}]
Capabilities {appium:appActivity: com.saucelabs.mydemoapp.rn...., appium:appPackage: com.saucelabs.mydemoapp.rn, appium:automationName: UiAutomator2, appium:databaseEnabled: false, appium:desired: {appActivity: com.saucelabs.mydemoapp.rn...., appPackage: com.saucelabs.mydemoapp.rn, automationName: UiAutomator2, platformName: ANDROID, systemPort: 10001, udid: L7854L45IJ8X5L5X}, appium:deviceApiLevel: 30, appium:deviceManufacturer: realme, appium:deviceModel: RMX2151, appium:deviceName: L7854L45IJ8X5L5X, appium:deviceScreenDensity: 480, appium:deviceScreenSize: 1080x2400, appium:deviceUDID: L7854L45IJ8X5L5X, appium:javascriptEnabled: true, appium:locationContextEnabled: false, appium:networkConnectionEnabled: true, appium:pixelRatio: 3, appium:platformVersion: 11, appium:statBarHeight: 115, appium:systemPort: 10001, appium:takesScreenshot: true, appium:udid: L7854L45IJ8X5L5X, appium:viewportRect: {height: 2170, left: 0, top: 115, width: 1080}, appium:warnings: {}, appium:webStorageEnabled: false, platformName: ANDROID}
Session ID: 252da343-693d-4358-8f88-ca2acb1e1872">
      <![CDATA[org.openqa.selenium.WebDriverException: An unknown server-side error occurred while processing the command. Original error: The expected screen record file '/sdcard/9a075805.mp4' does not exist after 5000ms. Is screenrecord utility available and operational on the device under test?
Build info: version: '4.13.0', revision: 'ba948ece5b*'
System info: os.name: 'Linux', os.arch: 'amd64', os.version: '5.15.0-88-generic', java.version: '15.0.2'
Driver info: io.appium.java_client.android.AndroidDriver
Command: [252da343-693d-4358-8f88-ca2acb1e1872, startRecordingScreen {}]
Capabilities {appium:appActivity: com.saucelabs.mydemoapp.rn...., appium:appPackage: com.saucelabs.mydemoapp.rn, appium:automationName: UiAutomator2, appium:databaseEnabled: false, appium:desired: {appActivity: com.saucelabs.mydemoapp.rn...., appPackage: com.saucelabs.mydemoapp.rn, automationName: UiAutomator2, platformName: ANDROID, systemPort: 10001, udid: L7854L45IJ8X5L5X}, appium:deviceApiLevel: 30, appium:deviceManufacturer: realme, appium:deviceModel: RMX2151, appium:deviceName: L7854L45IJ8X5L5X, appium:deviceScreenDensity: 480, appium:deviceScreenSize: 1080x2400, appium:deviceUDID: L7854L45IJ8X5L5X, appium:javascriptEnabled: true, appium:locationContextEnabled: false, appium:networkConnectionEnabled: true, appium:pixelRatio: 3, appium:platformVersion: 11, appium:statBarHeight: 115, appium:systemPort: 10001, appium:takesScreenshot: true, appium:udid: L7854L45IJ8X5L5X, appium:viewportRect: {height: 2170, left: 0, top: 115, width: 1080}, appium:warnings: {}, appium:webStorageEnabled: false, platformName: ANDROID}
Session ID: 252da343-693d-4358-8f88-ca2acb1e1872
at org.openqa.selenium.remote.codec.w3c.W3CHttpResponseCodec.createException(W3CHttpResponseCodec.java:200)
at org.openqa.selenium.remote.codec.w3c.W3CHttpResponseCodec.decode(W3CHttpResponseCodec.java:133)
at org.openqa.selenium.remote.codec.w3c.W3CHttpResponseCodec.decode(W3CHttpResponseCodec.java:52)
at org.openqa.selenium.remote.HttpCommandExecutor.execute(HttpCommandExecutor.java:191)
at io.appium.java_client.remote.AppiumCommandExecutor.execute(AppiumCommandExecutor.java:250)
at org.openqa.selenium.remote.RemoteWebDriver.execute(RemoteWebDriver.java:602)
at org.openqa.selenium.remote.RemoteWebDriver.execute(RemoteWebDriver.java:675)
at io.appium.java_client.AppiumDriver.execute(AppiumDriver.java:313)
at io.appium.java_client.screenrecording.CanRecordScreen.startRecordingScreen(CanRecordScreen.java:48)
at com.qa.BaseTest.beforeMethod(BaseTest.java:92)
at java.base/java.util.ArrayList.forEach(ArrayList.java:1511)
at com.intellij.rt.testng.IDEARemoteTestNG.run(IDEARemoteTestNG.java:66)
at com.intellij.rt.testng.RemoteTestNGStarter.main(RemoteTestNGStarter.java:105)
... Removed 33 stack frames]]>
    </failure>
  </testcase> <!-- @BeforeMethod beforeMethod -->
  <testcase classname="com.qa.tests.LoginTests" name="@BeforeMethod beforeMethod" time="0.0">
    <skipped/>
  </testcase> <!-- @BeforeMethod beforeMethod -->
  <testcase classname="com.qa.BaseTest" name="@AfterMethod afterMethod" time="0.0">
    <skipped/>
  </testcase> <!-- @AfterMethod afterMethod -->
  <testcase classname="com.qa.BaseTest" name="@AfterTest afterTest" time="0.0">
    <skipped/>
  </testcase> <!-- @AfterTest afterTest -->
  <testcase classname="com.qa.tests.LoginTests" name="invalidUserName" time="0.0">
    <skipped/>
  </testcase> <!-- invalidUserName -->
  <testcase classname="com.qa.tests.LoginTests" name="validUserName" time="0.0">
    <ignored/>
  </testcase> <!-- validUserName -->
  <testcase classname="com.qa.tests.LoginTests" name="emptyUserName" time="0.0">
    <ignored/>
  </testcase> <!-- emptyUserName -->
  <testcase classname="com.qa.tests.LoginTests" name="lockedUserSoftAssert" time="0.0">
    <ignored/>
  </testcase> <!-- lockedUserSoftAssert -->
</testsuite> <!-- Realme -->
