<?xml version="1.0" encoding="UTF-8"?>
<!-- Generated by org.testng.reporters.JUnitXMLReporter -->
<testsuite ignored="0" hostname="user-Latitude-3420" failures="0" tests="4" name="Realme" time="15.179" errors="0" timestamp="2023-10-29T21:30:13 IST">
  <testcase classname="com.qa.tests.LoginTests" name="emptyUserName" time="0.0">
    <skipped/>
  </testcase> <!-- emptyUserName -->
  <testcase classname="com.qa.tests.LoginTests" name="invalidUserName" time="0.0">
    <skipped/>
  </testcase> <!-- invalidUserName -->
  <testcase classname="com.qa.tests.LoginTests" name="lockedUserSoftAssert" time="0.0">
    <skipped/>
  </testcase> <!-- lockedUserSoftAssert -->
  <testcase classname="com.qa.tests.LoginTests" name="validUserName" time="0.0">
    <skipped/>
  </testcase> <!-- validUserName -->
</testsuite> <!-- Realme -->
