<?xml version="1.0" encoding="UTF-8"?>
<testng-results ignored="0" total="2" passed="2" failed="0" skipped="0">
  <reporter-output>
  </reporter-output>
  <suite started-at="2023-11-24T13:00:37 IST" name="suit" finished-at="2023-11-24T13:00:57 IST" duration-ms="20014">
    <groups>
    </groups>
    <test started-at="2023-11-24T13:00:37 IST" name="Realme" finished-at="2023-11-24T13:00:57 IST" duration-ms="19796">
      <class name="com.qa.tests.LoginTests">
        <test-method is-config="true" signature="beforeSuite()[pri:0, instance:com.qa.tests.LoginTests@15ff3e9e]" started-at="2023-11-24T13:00:34 IST" name="beforeSuite" finished-at="2023-11-24T13:00:37 IST" duration-ms="2961" status="PASS">
          <reporter-output>
          </reporter-output>
        </test-method> <!-- beforeSuite -->
        <test-method is-config="true" signature="beforeTest(java.lang.String,java.lang.String,java.lang.String,java.lang.String,int)[pri:0, instance:com.qa.tests.LoginTests@15ff3e9e]" started-at="2023-11-24T13:00:37 IST" name="beforeTest" finished-at="2023-11-24T13:00:46 IST" duration-ms="9639" status="PASS">
          <params>
            <param index="0">
              <value>
                <![CDATA[Android]]>
              </value>
            </param>
            <param index="1">
              <value>
                <![CDATA[Realme 7]]>
              </value>
            </param>
            <param index="2">
              <value>
                <![CDATA[L7854L45IJ8X5L5X]]>
              </value>
            </param>
            <param index="3">
              <value is-null="true"/>
            </param>
            <param index="4">
              <value>
                <![CDATA[10001]]>
              </value>
            </param>
          </params>
          <reporter-output>
          </reporter-output>
        </test-method> <!-- beforeTest -->
        <test-method is-config="true" signature="beforeClass()[pri:0, instance:com.qa.tests.LoginTests@15ff3e9e]" started-at="2023-11-24T13:00:46 IST" name="beforeClass" finished-at="2023-11-24T13:00:46 IST" duration-ms="2" status="PASS">
          <reporter-output>
          </reporter-output>
        </test-method> <!-- beforeClass -->
        <test-method is-config="true" signature="beforeMethod()[pri:0, instance:com.qa.tests.LoginTests@15ff3e9e]" started-at="2023-11-24T13:00:46 IST" name="beforeMethod" finished-at="2023-11-24T13:00:46 IST" duration-ms="1" status="PASS">
          <reporter-output>
          </reporter-output>
        </test-method> <!-- beforeMethod -->
        <test-method is-config="true" signature="beforeMethod(java.lang.reflect.Method)[pri:0, instance:com.qa.tests.LoginTests@15ff3e9e]" started-at="2023-11-24T13:00:46 IST" name="beforeMethod" finished-at="2023-11-24T13:00:48 IST" duration-ms="1324" status="PASS">
          <params>
            <param index="0">
              <value>
                <![CDATA[public void com.qa.tests.LoginTests.invalidUserName() throws java.lang.InterruptedException]]>
              </value>
            </param>
          </params>
          <reporter-output>
          </reporter-output>
        </test-method> <!-- beforeMethod -->
        <test-method signature="invalidUserName()[pri:0, instance:com.qa.tests.LoginTests@15ff3e9e]" started-at="2023-11-24T13:00:48 IST" name="invalidUserName" finished-at="2023-11-24T13:00:56 IST" duration-ms="8439" status="PASS">
          <reporter-output>
          </reporter-output>
        </test-method> <!-- invalidUserName -->
        <test-method is-config="true" signature="afterMethod(org.testng.ITestResult)[pri:0, instance:com.qa.tests.LoginTests@15ff3e9e]" started-at="2023-11-24T13:00:56 IST" name="afterMethod" finished-at="2023-11-24T13:00:56 IST" duration-ms="104" status="PASS">
          <params>
            <param index="0">
              <value>
                <![CDATA[[TestResult name=invalidUserName status=SUCCESS method=LoginTests.invalidUserName()[pri:0, instance:com.qa.tests.LoginTests@15ff3e9e] output={null}]]]>
              </value>
            </param>
          </params>
          <reporter-output>
          </reporter-output>
        </test-method> <!-- afterMethod -->
        <test-method is-config="true" signature="afterTest()[pri:0, instance:com.qa.tests.LoginTests@15ff3e9e]" started-at="2023-11-24T13:00:56 IST" name="afterTest" finished-at="2023-11-24T13:00:57 IST" duration-ms="269" status="PASS">
          <reporter-output>
          </reporter-output>
        </test-method> <!-- afterTest -->
        <test-method is-config="true" signature="afterSuite()[pri:0, instance:com.qa.tests.LoginTests@15ff3e9e]" started-at="2023-11-24T13:00:57 IST" name="afterSuite" finished-at="2023-11-24T13:01:00 IST" duration-ms="3427" status="PASS">
          <reporter-output>
          </reporter-output>
        </test-method> <!-- afterSuite -->
      </class> <!-- com.qa.tests.LoginTests -->
    </test> <!-- Realme -->
    <test started-at="2023-11-24T13:00:37 IST" name="Pixel" finished-at="2023-11-24T13:00:57 IST" duration-ms="20014">
      <class name="com.qa.tests.LoginTests">
        <test-method is-config="true" signature="beforeTest(java.lang.String,java.lang.String,java.lang.String,java.lang.String,int)[pri:0, instance:com.qa.tests.LoginTests@1725dc0f]" started-at="2023-11-24T13:00:37 IST" name="beforeTest" finished-at="2023-11-24T13:00:49 IST" duration-ms="11755" status="PASS">
          <params>
            <param index="0">
              <value>
                <![CDATA[Android]]>
              </value>
            </param>
            <param index="1">
              <value>
                <![CDATA[Pixel 5]]>
              </value>
            </param>
            <param index="2">
              <value>
                <![CDATA[emulator-5554]]>
              </value>
            </param>
            <param index="3">
              <value>
                <![CDATA[Pixel_5_V12]]>
              </value>
            </param>
            <param index="4">
              <value>
                <![CDATA[10000]]>
              </value>
            </param>
          </params>
          <reporter-output>
          </reporter-output>
        </test-method> <!-- beforeTest -->
        <test-method is-config="true" signature="beforeClass()[pri:0, instance:com.qa.tests.LoginTests@1725dc0f]" started-at="2023-11-24T13:00:49 IST" name="beforeClass" finished-at="2023-11-24T13:00:49 IST" duration-ms="1" status="PASS">
          <reporter-output>
          </reporter-output>
        </test-method> <!-- beforeClass -->
        <test-method is-config="true" signature="beforeMethod()[pri:0, instance:com.qa.tests.LoginTests@1725dc0f]" started-at="2023-11-24T13:00:49 IST" name="beforeMethod" finished-at="2023-11-24T13:00:49 IST" duration-ms="1" status="PASS">
          <reporter-output>
          </reporter-output>
        </test-method> <!-- beforeMethod -->
        <test-method is-config="true" signature="beforeMethod(java.lang.reflect.Method)[pri:0, instance:com.qa.tests.LoginTests@1725dc0f]" started-at="2023-11-24T13:00:49 IST" name="beforeMethod" finished-at="2023-11-24T13:00:49 IST" duration-ms="762" status="PASS">
          <params>
            <param index="0">
              <value>
                <![CDATA[public void com.qa.tests.LoginTests.invalidUserName() throws java.lang.InterruptedException]]>
              </value>
            </param>
          </params>
          <reporter-output>
          </reporter-output>
        </test-method> <!-- beforeMethod -->
        <test-method signature="invalidUserName()[pri:0, instance:com.qa.tests.LoginTests@1725dc0f]" started-at="2023-11-24T13:00:49 IST" name="invalidUserName" finished-at="2023-11-24T13:00:57 IST" duration-ms="7273" status="PASS">
          <reporter-output>
          </reporter-output>
        </test-method> <!-- invalidUserName -->
        <test-method is-config="true" signature="afterMethod(org.testng.ITestResult)[pri:0, instance:com.qa.tests.LoginTests@1725dc0f]" started-at="2023-11-24T13:00:57 IST" name="afterMethod" finished-at="2023-11-24T13:00:57 IST" duration-ms="49" status="PASS">
          <params>
            <param index="0">
              <value>
                <![CDATA[[TestResult name=invalidUserName status=SUCCESS method=LoginTests.invalidUserName()[pri:0, instance:com.qa.tests.LoginTests@1725dc0f] output={null}]]]>
              </value>
            </param>
          </params>
          <reporter-output>
          </reporter-output>
        </test-method> <!-- afterMethod -->
        <test-method is-config="true" signature="afterTest()[pri:0, instance:com.qa.tests.LoginTests@1725dc0f]" started-at="2023-11-24T13:00:57 IST" name="afterTest" finished-at="2023-11-24T13:00:57 IST" duration-ms="169" status="PASS">
          <reporter-output>
          </reporter-output>
        </test-method> <!-- afterTest -->
      </class> <!-- com.qa.tests.LoginTests -->
    </test> <!-- Pixel -->
  </suite> <!-- suit -->
</testng-results>
